[0m11:31:46.847956 [debug] [MainThread]: Sending event: {'category': 'dbt', 'action': 'invocation', 'label': 'start', 'context': [<snowplow_tracker.self_describing_json.SelfDescribingJson object at 0x104605f00>, <snowplow_tracker.self_describing_json.SelfDescribingJson object at 0x105604b80>, <snowplow_tracker.self_describing_json.SelfDescribingJson object at 0x105604790>]}


============================== 11:31:46.855102 | 8ef041f5-8afa-4d53-b10a-4804671f1ba3 ==============================
[0m11:31:46.855102 [info ] [MainThread]: Running with dbt=1.11.7
[0m11:31:46.856358 [debug] [MainThread]: running dbt with arguments {'quiet': 'False', 'profiles_dir': '/Users/moxingxing/.dbt', 'warn_error_options': 'WarnErrorOptionsV2(error=[], warn=[], silence=[])', 'empty': 'None', 'version_check': 'True', 'no_print': 'None', 'use_colors': 'True', 'warn_error': 'None', 'debug': 'False', 'printer_width': '80', 'log_cache_events': 'False', 'static_parser': 'True', 'log_path': 'logs', 'indirect_selection': 'eager', 'introspect': 'True', 'partial_parse': 'True', 'cache_selected_only': 'False', 'fail_fast': 'False', 'write_json': 'True', 'use_experimental_parser': 'False', 'target_path': 'None', 'invocation_command': 'dbt init dbt', 'log_format': 'default', 'send_anonymous_usage_stats': 'True'}
[0m11:31:46.874909 [info ] [MainThread]: Creating dbt configuration folder at /Users/moxingxing/.dbt
[0m11:44:27.063995 [debug] [MainThread]: Starter project path: /Users/moxingxing/Documents/CV_Project/Finance/scottish-equity-risk-pipeline/.venv/lib/python3.10/site-packages/dbt/include/starter_project
[0m11:44:27.073410 [info ] [MainThread]: 
Your new dbt project "equity_risk" was created!

For more information on how to configure the profiles.yml file,
please consult the dbt documentation here:

  https://docs.getdbt.com/docs/configure-your-profile

One more thing:

Need help? Don't hesitate to reach out to us via GitHub issues or on Slack:

  https://community.getdbt.com/

Happy modeling!

[0m11:44:27.073964 [info ] [MainThread]: Setting up your profile.
[0m11:45:14.859324 [debug] [MainThread]: Snowflake adapter: Setting snowflake.connector to ERROR (file logging only)
[0m11:45:14.860170 [debug] [MainThread]: Snowflake adapter: Setting botocore to ERROR (file logging only)
[0m11:45:14.860672 [debug] [MainThread]: Snowflake adapter: Setting boto3 to ERROR (file logging only)
[0m11:50:03.893956 [info ] [MainThread]: Profile equity_risk written to /Users/moxingxing/.dbt/profiles.yml using target's profile_template.yml and your supplied values. Run 'dbt debug' to validate the connection.
[0m11:50:03.933474 [debug] [MainThread]: Resource report: {"command_name": "init", "command_success": true, "command_wall_clock_time": 1097.3278, "process_in_blocks": "0", "process_kernel_time": 0.606363, "process_mem_max_rss": "171827200", "process_out_blocks": "0", "process_user_time": 2.955694}
[0m11:50:03.934663 [debug] [MainThread]: Command `dbt init` succeeded at 11:50:03.934488 after 1097.33 seconds
[0m11:50:03.935224 [debug] [MainThread]: Sending event: {'category': 'dbt', 'action': 'invocation', 'label': 'end', 'context': [<snowplow_tracker.self_describing_json.SelfDescribingJson object at 0x104605f00>, <snowplow_tracker.self_describing_json.SelfDescribingJson object at 0x10554fc40>, <snowplow_tracker.self_describing_json.SelfDescribingJson object at 0x105607820>]}
[0m11:50:03.935781 [debug] [MainThread]: Flushing usage events
[0m11:50:04.636977 [debug] [MainThread]: An error was encountered while trying to flush usage events
